C:\Program Files (x86)\MSBuild\Microsoft.Cpp\v4.0\V140\Microsoft.CppBuild.targets(392,5): warning MSB8028: The intermediate directory (Release\) contains files shared from another project (dsqgen.vcxproj, grammar.vcxproj, mkheader.vcxproj).  This can lead to incorrect clean and rebuild behavior.
  Rebulding columns.h
  remaking streams.h
  date.c
c:\users\akpc\downloads\191929c2-c36a-41a6-9d2c-d3ffae949225-tpc-ds-tool\v2.11.0rc2\tools\porting.h(93): warning C4005: 'MAXINT': macro redefinition
  C:\Program Files (x86)\Windows Kits\8.1\Include\shared\basetsd.h(452): note: see previous definition of 'MAXINT'
  dcgram.c
c:\users\akpc\downloads\191929c2-c36a-41a6-9d2c-d3ffae949225-tpc-ds-tool\v2.11.0rc2\tools\porting.h(93): warning C4005: 'MAXINT': macro redefinition
  C:\Program Files (x86)\Windows Kits\8.1\Include\shared\basetsd.h(452): note: see previous definition of 'MAXINT'
  dcomp.c
c:\users\akpc\downloads\191929c2-c36a-41a6-9d2c-d3ffae949225-tpc-ds-tool\v2.11.0rc2\tools\porting.h(93): warning C4005: 'MAXINT': macro redefinition
  C:\Program Files (x86)\Windows Kits\8.1\Include\shared\basetsd.h(452): note: see previous definition of 'MAXINT'
  decimal.c
c:\users\akpc\downloads\191929c2-c36a-41a6-9d2c-d3ffae949225-tpc-ds-tool\v2.11.0rc2\tools\porting.h(93): warning C4005: 'MAXINT': macro redefinition
  C:\Program Files (x86)\Windows Kits\8.1\Include\shared\basetsd.h(452): note: see previous definition of 'MAXINT'
  dist.c
c:\users\akpc\downloads\191929c2-c36a-41a6-9d2c-d3ffae949225-tpc-ds-tool\v2.11.0rc2\tools\porting.h(93): warning C4005: 'MAXINT': macro redefinition
  C:\Program Files (x86)\Windows Kits\8.1\Include\shared\basetsd.h(452): note: see previous definition of 'MAXINT'
  error_msg.c
c:\users\akpc\downloads\191929c2-c36a-41a6-9d2c-d3ffae949225-tpc-ds-tool\v2.11.0rc2\tools\porting.h(93): warning C4005: 'MAXINT': macro redefinition
  C:\Program Files (x86)\Windows Kits\8.1\Include\shared\basetsd.h(452): note: see previous definition of 'MAXINT'
  genrand.c
c:\users\akpc\downloads\191929c2-c36a-41a6-9d2c-d3ffae949225-tpc-ds-tool\v2.11.0rc2\tools\porting.h(93): warning C4005: 'MAXINT': macro redefinition
  C:\Program Files (x86)\Windows Kits\8.1\Include\shared\basetsd.h(452): note: see previous definition of 'MAXINT'
  grammar.c
c:\users\akpc\downloads\191929c2-c36a-41a6-9d2c-d3ffae949225-tpc-ds-tool\v2.11.0rc2\tools\porting.h(93): warning C4005: 'MAXINT': macro redefinition
  C:\Program Files (x86)\Windows Kits\8.1\Include\shared\basetsd.h(452): note: see previous definition of 'MAXINT'
  r_params.c
c:\users\akpc\downloads\191929c2-c36a-41a6-9d2c-d3ffae949225-tpc-ds-tool\v2.11.0rc2\tools\porting.h(93): warning C4005: 'MAXINT': macro redefinition
  C:\Program Files (x86)\Windows Kits\8.1\Include\shared\basetsd.h(452): note: see previous definition of 'MAXINT'
  StringBuffer.c
c:\users\akpc\downloads\191929c2-c36a-41a6-9d2c-d3ffae949225-tpc-ds-tool\v2.11.0rc2\tools\porting.h(93): warning C4005: 'MAXINT': macro redefinition
  C:\Program Files (x86)\Windows Kits\8.1\Include\shared\basetsd.h(452): note: see previous definition of 'MAXINT'
  Generating Code...
  distcomp.vcxproj -> C:\Users\AkPC\Downloads\191929c2-c36a-41a6-9d2c-d3ffae949225-tpc-ds-tool\v2.11.0rc2\tools\distcomp.exe
  distcomp.vcxproj -> ./distcomp.pdb (Full PDB)
