c:\users\akpc\downloads\191929c2-c36a-41a6-9d2c-d3ffae949225-tpc-ds-tool\v2.11.0rc2\tools\junk\vc140.pdb
c:\users\akpc\downloads\191929c2-c36a-41a6-9d2c-d3ffae949225-tpc-ds-tool\v2.11.0rc2\tools\junk\stringbuffer.obj
c:\users\akpc\downloads\191929c2-c36a-41a6-9d2c-d3ffae949225-tpc-ds-tool\v2.11.0rc2\tools\junk\r_params.obj
c:\users\akpc\downloads\191929c2-c36a-41a6-9d2c-d3ffae949225-tpc-ds-tool\v2.11.0rc2\tools\junk\grammar.obj
c:\users\akpc\downloads\191929c2-c36a-41a6-9d2c-d3ffae949225-tpc-ds-tool\v2.11.0rc2\tools\junk\genrand.obj
c:\users\akpc\downloads\191929c2-c36a-41a6-9d2c-d3ffae949225-tpc-ds-tool\v2.11.0rc2\tools\junk\error_msg.obj
c:\users\akpc\downloads\191929c2-c36a-41a6-9d2c-d3ffae949225-tpc-ds-tool\v2.11.0rc2\tools\junk\dist.obj
c:\users\akpc\downloads\191929c2-c36a-41a6-9d2c-d3ffae949225-tpc-ds-tool\v2.11.0rc2\tools\junk\decimal.obj
c:\users\akpc\downloads\191929c2-c36a-41a6-9d2c-d3ffae949225-tpc-ds-tool\v2.11.0rc2\tools\junk\dcomp.obj
c:\users\akpc\downloads\191929c2-c36a-41a6-9d2c-d3ffae949225-tpc-ds-tool\v2.11.0rc2\tools\junk\dcgram.obj
c:\users\akpc\downloads\191929c2-c36a-41a6-9d2c-d3ffae949225-tpc-ds-tool\v2.11.0rc2\tools\junk\date.obj
c:\users\akpc\downloads\191929c2-c36a-41a6-9d2c-d3ffae949225-tpc-ds-tool\v2.11.0rc2\tools\columns.h streams.h
c:\users\akpc\downloads\191929c2-c36a-41a6-9d2c-d3ffae949225-tpc-ds-tool\v2.11.0rc2\tools\distcomp.exe
c:\users\akpc\downloads\191929c2-c36a-41a6-9d2c-d3ffae949225-tpc-ds-tool\v2.11.0rc2\tools\distcomp.pdb
c:\users\akpc\downloads\191929c2-c36a-41a6-9d2c-d3ffae949225-tpc-ds-tool\v2.11.0rc2\tools\release\mkheader.obj
c:\users\akpc\downloads\191929c2-c36a-41a6-9d2c-d3ffae949225-tpc-ds-tool\v2.11.0rc2\tools\release\vc140.pdb
c:\users\akpc\downloads\191929c2-c36a-41a6-9d2c-d3ffae949225-tpc-ds-tool\v2.11.0rc2\tools\release\distcomp.tlog\cl.command.1.tlog
c:\users\akpc\downloads\191929c2-c36a-41a6-9d2c-d3ffae949225-tpc-ds-tool\v2.11.0rc2\tools\release\distcomp.tlog\cl.read.1.tlog
c:\users\akpc\downloads\191929c2-c36a-41a6-9d2c-d3ffae949225-tpc-ds-tool\v2.11.0rc2\tools\release\distcomp.tlog\cl.write.1.tlog
c:\users\akpc\downloads\191929c2-c36a-41a6-9d2c-d3ffae949225-tpc-ds-tool\v2.11.0rc2\tools\release\distcomp.tlog\custombuild.command.1.tlog
c:\users\akpc\downloads\191929c2-c36a-41a6-9d2c-d3ffae949225-tpc-ds-tool\v2.11.0rc2\tools\release\distcomp.tlog\custombuild.read.1.tlog
c:\users\akpc\downloads\191929c2-c36a-41a6-9d2c-d3ffae949225-tpc-ds-tool\v2.11.0rc2\tools\release\distcomp.tlog\custombuild.write.1.tlog
c:\users\akpc\downloads\191929c2-c36a-41a6-9d2c-d3ffae949225-tpc-ds-tool\v2.11.0rc2\tools\release\distcomp.tlog\link.command.1.tlog
c:\users\akpc\downloads\191929c2-c36a-41a6-9d2c-d3ffae949225-tpc-ds-tool\v2.11.0rc2\tools\release\distcomp.tlog\link.read.1.tlog
c:\users\akpc\downloads\191929c2-c36a-41a6-9d2c-d3ffae949225-tpc-ds-tool\v2.11.0rc2\tools\release\distcomp.tlog\link.write.1.tlog
