c:\users\akpc\downloads\191929c2-c36a-41a6-9d2c-d3ffae949225-tpc-ds-tool\v2.11.0rc2\tools\junk\vc140.pdb
c:\users\akpc\downloads\191929c2-c36a-41a6-9d2c-d3ffae949225-tpc-ds-tool\v2.11.0rc2\tools\junk\r_params.obj
c:\users\akpc\downloads\191929c2-c36a-41a6-9d2c-d3ffae949225-tpc-ds-tool\v2.11.0rc2\tools\junk\release.obj
c:\users\akpc\downloads\191929c2-c36a-41a6-9d2c-d3ffae949225-tpc-ds-tool\v2.11.0rc2\tools\junk\query_handler.obj
c:\users\akpc\downloads\191929c2-c36a-41a6-9d2c-d3ffae949225-tpc-ds-tool\v2.11.0rc2\tools\junk\qgenmain.obj
c:\users\akpc\downloads\191929c2-c36a-41a6-9d2c-d3ffae949225-tpc-ds-tool\v2.11.0rc2\tools\junk\print.obj
c:\users\akpc\downloads\191929c2-c36a-41a6-9d2c-d3ffae949225-tpc-ds-tool\v2.11.0rc2\tools\junk\permute.obj
c:\users\akpc\downloads\191929c2-c36a-41a6-9d2c-d3ffae949225-tpc-ds-tool\v2.11.0rc2\tools\junk\parallel.obj
c:\users\akpc\downloads\191929c2-c36a-41a6-9d2c-d3ffae949225-tpc-ds-tool\v2.11.0rc2\tools\junk\nulls.obj
c:\users\akpc\downloads\191929c2-c36a-41a6-9d2c-d3ffae949225-tpc-ds-tool\v2.11.0rc2\tools\junk\list.obj
c:\users\akpc\downloads\191929c2-c36a-41a6-9d2c-d3ffae949225-tpc-ds-tool\v2.11.0rc2\tools\junk\keywords.obj
c:\users\akpc\downloads\191929c2-c36a-41a6-9d2c-d3ffae949225-tpc-ds-tool\v2.11.0rc2\tools\junk\grammar_support.obj
c:\users\akpc\downloads\191929c2-c36a-41a6-9d2c-d3ffae949225-tpc-ds-tool\v2.11.0rc2\tools\junk\genrand.obj
c:\users\akpc\downloads\191929c2-c36a-41a6-9d2c-d3ffae949225-tpc-ds-tool\v2.11.0rc2\tools\junk\expr.obj
c:\users\akpc\downloads\191929c2-c36a-41a6-9d2c-d3ffae949225-tpc-ds-tool\v2.11.0rc2\tools\junk\eval.obj
c:\users\akpc\downloads\191929c2-c36a-41a6-9d2c-d3ffae949225-tpc-ds-tool\v2.11.0rc2\tools\junk\error_msg.obj
c:\users\akpc\downloads\191929c2-c36a-41a6-9d2c-d3ffae949225-tpc-ds-tool\v2.11.0rc2\tools\junk\dist.obj
c:\users\akpc\downloads\191929c2-c36a-41a6-9d2c-d3ffae949225-tpc-ds-tool\v2.11.0rc2\tools\junk\decimal.obj
c:\users\akpc\downloads\191929c2-c36a-41a6-9d2c-d3ffae949225-tpc-ds-tool\v2.11.0rc2\tools\junk\date.obj
c:\users\akpc\downloads\191929c2-c36a-41a6-9d2c-d3ffae949225-tpc-ds-tool\v2.11.0rc2\tools\junk\build_support.obj
c:\users\akpc\downloads\191929c2-c36a-41a6-9d2c-d3ffae949225-tpc-ds-tool\v2.11.0rc2\tools\junk\address.obj
c:\users\akpc\downloads\191929c2-c36a-41a6-9d2c-d3ffae949225-tpc-ds-tool\v2.11.0rc2\tools\junk\y.tab.obj
c:\users\akpc\downloads\191929c2-c36a-41a6-9d2c-d3ffae949225-tpc-ds-tool\v2.11.0rc2\tools\junk\w_inventory.obj
c:\users\akpc\downloads\191929c2-c36a-41a6-9d2c-d3ffae949225-tpc-ds-tool\v2.11.0rc2\tools\junk\tokenizer.obj
c:\users\akpc\downloads\191929c2-c36a-41a6-9d2c-d3ffae949225-tpc-ds-tool\v2.11.0rc2\tools\junk\text.obj
c:\users\akpc\downloads\191929c2-c36a-41a6-9d2c-d3ffae949225-tpc-ds-tool\v2.11.0rc2\tools\junk\tdefs.obj
c:\users\akpc\downloads\191929c2-c36a-41a6-9d2c-d3ffae949225-tpc-ds-tool\v2.11.0rc2\tools\junk\substitution.obj
c:\users\akpc\downloads\191929c2-c36a-41a6-9d2c-d3ffae949225-tpc-ds-tool\v2.11.0rc2\tools\junk\stringbuffer.obj
c:\users\akpc\downloads\191929c2-c36a-41a6-9d2c-d3ffae949225-tpc-ds-tool\v2.11.0rc2\tools\junk\scd.obj
c:\users\akpc\downloads\191929c2-c36a-41a6-9d2c-d3ffae949225-tpc-ds-tool\v2.11.0rc2\tools\junk\scaling.obj
c:\users\akpc\downloads\191929c2-c36a-41a6-9d2c-d3ffae949225-tpc-ds-tool\v2.11.0rc2\tools\dsqgen.exe
c:\users\akpc\downloads\191929c2-c36a-41a6-9d2c-d3ffae949225-tpc-ds-tool\v2.11.0rc2\tools\qgen2.pdb
c:\users\akpc\downloads\191929c2-c36a-41a6-9d2c-d3ffae949225-tpc-ds-tool\v2.11.0rc2\tools\release\dsqgen.tlog\cl.command.1.tlog
c:\users\akpc\downloads\191929c2-c36a-41a6-9d2c-d3ffae949225-tpc-ds-tool\v2.11.0rc2\tools\release\dsqgen.tlog\cl.read.1.tlog
c:\users\akpc\downloads\191929c2-c36a-41a6-9d2c-d3ffae949225-tpc-ds-tool\v2.11.0rc2\tools\release\dsqgen.tlog\cl.write.1.tlog
c:\users\akpc\downloads\191929c2-c36a-41a6-9d2c-d3ffae949225-tpc-ds-tool\v2.11.0rc2\tools\release\dsqgen.tlog\link.command.1.tlog
c:\users\akpc\downloads\191929c2-c36a-41a6-9d2c-d3ffae949225-tpc-ds-tool\v2.11.0rc2\tools\release\dsqgen.tlog\link.read.1.tlog
c:\users\akpc\downloads\191929c2-c36a-41a6-9d2c-d3ffae949225-tpc-ds-tool\v2.11.0rc2\tools\release\dsqgen.tlog\link.write.1.tlog
